<?xml version="1.0" encoding="UTF-8"?>
<!-- Generated by org.testng.reporters.JUnitReportReporter -->
<testsuite skipped="0" hostname="LAPTOP-LQVMO5TU" name="bla1" tests="1" failures="0" timestamp="2020-02-21T12:34:16 IST" time="8.985" errors="0">
  <testcase name="f" time="8.985" classname="bla1"/>
  <system-out/>
</testsuite> <!-- bla1 -->
